{"name": "Register into website successfully", "status": "broken", "statusDetails": {"message": "selenium.common.exceptions.NoSuchElementException: Message: no such element: Unable to locate element: {\"method\":\"xpath\",\"selector\":\"//a[text()='Continue']\"}\n  (Session info: chrome=110.0.5481.178)\nStacktrace:\nBacktrace:\n\t(No symbol) [0x00F837D3]\n\t(No symbol) [0x00F18B81]\n\t(No symbol) [0x00E1B36D]\n\t(No symbol) [0x00E4D382]\n\t(No symbol) [0x00E4D4BB]\n\t(No symbol) [0x00E83302]\n\t(No symbol) [0x00E6B464]\n\t(No symbol) [0x00E81215]\n\t(No symbol) [0x00E6B216]\n\t(No symbol) [0x00E40D97]\n\t(No symbol) [0x00E4253D]\n\tGetHandleVerifier [0x011FABF2+2510930]\n\tGetHandleVerifier [0x01228EC1+2700065]\n\tGetHandleVerifier [0x0122C86C+2714828]\n\tGetHandleVerifier [0x01033480+645344]\n\t(No symbol) [0x00F20FD2]\n\t(No symbol) [0x00F26C68]\n\t(No symbol) [0x00F26D4B]\n\t(No symbol) [0x00F30D6B]\n\tBaseThreadInitThunk [0x75676BD9+25]\n\tRtlGetFullPathName_UEx [0x771B8FD2+1218]\n\tRtlGetFullPathName_UEx [0x771B8F9D+1165]\n\n", "trace": "  File \"C:\\Users\\VARDVM\\Desktop\\Training\\test_BDD\\Firstpython\\lib\\site-packages\\behave\\model.py\", line 1329, in run\n    match.run(runner.context)\n  File \"C:\\Users\\VARDVM\\Desktop\\Training\\test_BDD\\Firstpython\\lib\\site-packages\\behave\\matchers.py\", line 98, in run\n    self.func(context, *args, **kwargs)\n  File \"features\\steps\\homepage.py\", line 33, in step_impl\n    context.driver.find_element(By.XPATH,\"//a[text()='Continue']\").click()\n  File \"C:\\Users\\VARDVM\\Desktop\\Training\\test_BDD\\Firstpython\\lib\\site-packages\\selenium\\webdriver\\remote\\webdriver.py\", line 830, in find_element\n    return self.execute(Command.FIND_ELEMENT, {\"using\": by, \"value\": value})[\"value\"]\n  File \"C:\\Users\\VARDVM\\Desktop\\Training\\test_BDD\\Firstpython\\lib\\site-packages\\selenium\\webdriver\\remote\\webdriver.py\", line 440, in execute\n    self.error_handler.check_response(response)\n  File \"C:\\Users\\VARDVM\\Desktop\\Training\\test_BDD\\Firstpython\\lib\\site-packages\\selenium\\webdriver\\remote\\errorhandler.py\", line 245, in check_response\n    raise exception_class(message, screen, stacktrace)\n"}, "steps": [{"name": "Given I open the application using URL in browser", "status": "passed", "start": 1678269935044, "stop": 1678269940469}, {"name": "And I navigate to register page", "status": "passed", "start": 1678269940469, "stop": 1678269941355}, {"name": "When I enter mandatory details in register page", "status": "passed", "start": 1678269941355, "stop": 1678269947054}, {"name": "And I click on register button", "status": "broken", "statusDetails": {"message": "selenium.common.exceptions.NoSuchElementException: Message: no such element: Unable to locate element: {\"method\":\"xpath\",\"selector\":\"//a[text()='Continue']\"}\n  (Session info: chrome=110.0.5481.178)\nStacktrace:\nBacktrace:\n\t(No symbol) [0x00F837D3]\n\t(No symbol) [0x00F18B81]\n\t(No symbol) [0x00E1B36D]\n\t(No symbol) [0x00E4D382]\n\t(No symbol) [0x00E4D4BB]\n\t(No symbol) [0x00E83302]\n\t(No symbol) [0x00E6B464]\n\t(No symbol) [0x00E81215]\n\t(No symbol) [0x00E6B216]\n\t(No symbol) [0x00E40D97]\n\t(No symbol) [0x00E4253D]\n\tGetHandleVerifier [0x011FABF2+2510930]\n\tGetHandleVerifier [0x01228EC1+2700065]\n\tGetHandleVerifier [0x0122C86C+2714828]\n\tGetHandleVerifier [0x01033480+645344]\n\t(No symbol) [0x00F20FD2]\n\t(No symbol) [0x00F26C68]\n\t(No symbol) [0x00F26D4B]\n\t(No symbol) [0x00F30D6B]\n\tBaseThreadInitThunk [0x75676BD9+25]\n\tRtlGetFullPathName_UEx [0x771B8FD2+1218]\n\tRtlGetFullPathName_UEx [0x771B8F9D+1165]\n\n", "trace": "  File \"C:\\Users\\VARDVM\\Desktop\\Training\\test_BDD\\Firstpython\\lib\\site-packages\\behave\\model.py\", line 1329, in run\n    match.run(runner.context)\n  File \"C:\\Users\\VARDVM\\Desktop\\Training\\test_BDD\\Firstpython\\lib\\site-packages\\behave\\matchers.py\", line 98, in run\n    self.func(context, *args, **kwargs)\n  File \"features\\steps\\homepage.py\", line 33, in step_impl\n    context.driver.find_element(By.XPATH,\"//a[text()='Continue']\").click()\n  File \"C:\\Users\\VARDVM\\Desktop\\Training\\test_BDD\\Firstpython\\lib\\site-packages\\selenium\\webdriver\\remote\\webdriver.py\", line 830, in find_element\n    return self.execute(Command.FIND_ELEMENT, {\"using\": by, \"value\": value})[\"value\"]\n  File \"C:\\Users\\VARDVM\\Desktop\\Training\\test_BDD\\Firstpython\\lib\\site-packages\\selenium\\webdriver\\remote\\webdriver.py\", line 440, in execute\n    self.error_handler.check_response(response)\n  File \"C:\\Users\\VARDVM\\Desktop\\Training\\test_BDD\\Firstpython\\lib\\site-packages\\selenium\\webdriver\\remote\\errorhandler.py\", line 245, in check_response\n    raise exception_class(message, screen, stacktrace)\n"}, "start": 1678269947054, "stop": 1678269947137}, {"name": "Then I should get to login page", "status": "skipped", "start": 1678269947138, "stop": 1678269947138}], "start": 1678269935043, "stop": 1678269947138, "uuid": "91a8d680-ffb2-4665-b3ff-6f984f338b5b", "historyId": "fcb12eed4257fae8b4dac985233b3f09", "fullName": "HomePage functionalities: Register into website successfully", "labels": [{"name": "severity", "value": "normal"}, {"name": "feature", "value": "HomePage functionalities"}, {"name": "framework", "value": "behave"}, {"name": "language", "value": "cpython3"}]}